<?xml version="1.0" encoding="UTF-8"?>
<testsuite xmlns:xsi="http://www.w3.org/2001/XMLSchema-instance" xsi:noNamespaceSchemaLocation="https://maven.apache.org/surefire/maven-surefire-plugin/xsd/surefire-test-report.xsd" name="de.bright_side.lgf.logic.LTweenLogicTest" time="0.097" tests="19" errors="0" skipped="0" failures="0">
  <properties>
[...]
</properties>
  <testcase name="updateTween_moveTweenExactlyDone" classname="de.bright_side.lgf.logic.LTweenLogicTest" time="0.031"/>
  <testcase name="updateTween_rotationForwardClockwiseTweenDone" classname="de.bright_side.lgf.logic.LTweenLogicTest" time="0"/>
  <testcase name="updateTween_textSizeTweenDone" classname="de.bright_side.lgf.logic.LTweenLogicTest" time="0"/>
  <testcase name="updateTween_rotationForwardClockwiseTweenNotDone" classname="de.bright_side.lgf.logic.LTweenLogicTest" time="0"/>
  <testcase name="updateTween_moveTweenNotDone" classname="de.bright_side.lgf.logic.LTweenLogicTest" time="0"/>
  <testcase name="updateTween_multipleMoveTweensFirstHalfDone" classname="de.bright_side.lgf.logic.LTweenLogicTest" time="0"/>
  <testcase name="updateTween_addAndMoveTweensExactlyDone" classname="de.bright_side.lgf.logic.LTweenLogicTest" time="0"/>
  <testcase name="updateTween_addAndMoveTweensNotDone" classname="de.bright_side.lgf.logic.LTweenLogicTest" time="0"/>
  <testcase name="updateTween_rotationForwardCounterClockwiseTweenNotDone" classname="de.bright_side.lgf.logic.LTweenLogicTest" time="0.016"/>
  <testcase name="updateTween_textSizeTweenNotDone" classname="de.bright_side.lgf.logic.LTweenLogicTest" time="0"/>
  <testcase name="updateTween_sizeTweenDone" classname="de.bright_side.lgf.logic.LTweenLogicTest" time="0.015"/>
  <testcase name="updateTween_multipleMoveTweensSecondExactlyDone" classname="de.bright_side.lgf.logic.LTweenLogicTest" time="0"/>
  <testcase name="updateTween_addAndMoveTweensDone" classname="de.bright_side.lgf.logic.LTweenLogicTest" time="0"/>
  <testcase name="updateTween_multipleMoveTweensSecondHalfDone" classname="de.bright_side.lgf.logic.LTweenLogicTest" time="0"/>
  <testcase name="updateTween_sizeTweenExactlyDone" classname="de.bright_side.lgf.logic.LTweenLogicTest" time="0"/>
  <testcase name="updateTween_moveTweenDone" classname="de.bright_side.lgf.logic.LTweenLogicTest" time="0"/>
  <testcase name="updateTween_multipleMoveTweensThirdHalfDone" classname="de.bright_side.lgf.logic.LTweenLogicTest" time="0"/>
  <testcase name="updateTween_multipleMoveTweensAllDone" classname="de.bright_side.lgf.logic.LTweenLogicTest" time="0"/>
  <testcase name="updateTween_sizeTweenNotDone" classname="de.bright_side.lgf.logic.LTweenLogicTest" time="0"/>
</testsuite>