<?xml version="1.0" encoding="UTF-8"?>
<testsuite xmlns:xsi="http://www.w3.org/2001/XMLSchema-instance" xsi:noNamespaceSchemaLocation="https://maven.apache.org/surefire/maven-surefire-plugin/xsd/surefire-test-report.xsd" name="de.bright_side.lgf.logic.LVirtualSizeLogicTest" time="0.015" tests="28" errors="0" skipped="0" failures="0">
  <properties>
[...]
</properties>
  <testcase name="getVirtualSize_matchYRequestTwiceYButNoExtraSizeExists" classname="de.bright_side.lgf.logic.LVirtualSizeLogicTest" time="0"/>
  <testcase name="getVirtualSize_noneRequestTwiceYButNoExtraSizeExists" classname="de.bright_side.lgf.logic.LVirtualSizeLogicTest" time="0"/>
  <testcase name="getVirtualSize_noneSimple" classname="de.bright_side.lgf.logic.LVirtualSizeLogicTest" time="0"/>
  <testcase name="getVirtualSize_fitBothRequestTwiceYAndExtraSizeExists" classname="de.bright_side.lgf.logic.LVirtualSizeLogicTest" time="0"/>
  <testcase name="getVirtualSize_noneRequestTwiceYAndExtraSizeExists" classname="de.bright_side.lgf.logic.LVirtualSizeLogicTest" time="0"/>
  <testcase name="getVirtualSize_matchXRequestTwiceYAndExtraSizeExists" classname="de.bright_side.lgf.logic.LVirtualSizeLogicTest" time="0"/>
  <testcase name="getVirtualSize_nonePixelsTwiceAsHighAsTheyAreWide" classname="de.bright_side.lgf.logic.LVirtualSizeLogicTest" time="0"/>
  <testcase name="getVirtualSize_matchXPixelsTwiceAsHighAsTheyAreWide" classname="de.bright_side.lgf.logic.LVirtualSizeLogicTest" time="0"/>
  <testcase name="getVirtualSize_noneScreenHalfAsHighAsWide" classname="de.bright_side.lgf.logic.LVirtualSizeLogicTest" time="0"/>
  <testcase name="getVirtualSize_noneScreenTwiceAsHighAsWide" classname="de.bright_side.lgf.logic.LVirtualSizeLogicTest" time="0"/>
  <testcase name="getVirtualSize_fitBothRequestTwiceYButNoExtraSizeExists" classname="de.bright_side.lgf.logic.LVirtualSizeLogicTest" time="0"/>
  <testcase name="getVirtualSize_matchYPixelsTwiceAsWideAsTheyAreHigh" classname="de.bright_side.lgf.logic.LVirtualSizeLogicTest" time="0"/>
  <testcase name="getVirtualSize_matchXSimple" classname="de.bright_side.lgf.logic.LVirtualSizeLogicTest" time="0"/>
  <testcase name="getVirtualSize_matchXScreenHalfAsHighAsWide" classname="de.bright_side.lgf.logic.LVirtualSizeLogicTest" time="0"/>
  <testcase name="getVirtualSize_nonePixelsHalfAsHighAsTheyAreWide" classname="de.bright_side.lgf.logic.LVirtualSizeLogicTest" time="0"/>
  <testcase name="getVirtualSize_fitBothSimple" classname="de.bright_side.lgf.logic.LVirtualSizeLogicTest" time="0"/>
  <testcase name="getVirtualSize_matchYSimple" classname="de.bright_side.lgf.logic.LVirtualSizeLogicTest" time="0"/>
  <testcase name="getVirtualSize_fitBothPixelsHalfAsHighAsTheyAreWide" classname="de.bright_side.lgf.logic.LVirtualSizeLogicTest" time="0"/>
  <testcase name="getVirtualSize_matchYScreenHalfAsHighAsWide" classname="de.bright_side.lgf.logic.LVirtualSizeLogicTest" time="0.015"/>
  <testcase name="getVirtualSize_fitBothScreenHalfAsHighAsWide" classname="de.bright_side.lgf.logic.LVirtualSizeLogicTest" time="0"/>
  <testcase name="getVirtualSize_matchYScreenTwiceAsHighAsWide" classname="de.bright_side.lgf.logic.LVirtualSizeLogicTest" time="0"/>
  <testcase name="getVirtualSize_matchXRequestTwiceYButNoExtraSizeExists" classname="de.bright_side.lgf.logic.LVirtualSizeLogicTest" time="0"/>
  <testcase name="getVirtualSize_matchXScreenTwiceAsHighAsWide" classname="de.bright_side.lgf.logic.LVirtualSizeLogicTest" time="0"/>
  <testcase name="getVirtualSize_matchYRequestTwiceXAndExtraSizeExists" classname="de.bright_side.lgf.logic.LVirtualSizeLogicTest" time="0"/>
  <testcase name="getVirtualSize_fitBothPixelsTwiceAsHighAsTheyAreWide" classname="de.bright_side.lgf.logic.LVirtualSizeLogicTest" time="0"/>
  <testcase name="getVirtualSize_matchXPixelsHalfAsHighAsTheyAreWide" classname="de.bright_side.lgf.logic.LVirtualSizeLogicTest" time="0"/>
  <testcase name="getVirtualSize_matchYPixelsHalfAsWideAsTheyAreHigh" classname="de.bright_side.lgf.logic.LVirtualSizeLogicTest" time="0"/>
  <testcase name="getVirtualSize_fitBothScreenTwiceAsHighAsWide" classname="de.bright_side.lgf.logic.LVirtualSizeLogicTest" time="0"/>
</testsuite>